1653702616181	geckodriver	INFO	Listening on 127.0.0.1:60167
1653702708848	geckodriver	INFO	Listening on 127.0.0.1:60551
1653702889332	geckodriver	INFO	Listening on 127.0.0.1:61321
1653702889851	mozrunner::runner	INFO	Running command: "/Applications/Firefox.app/Contents/MacOS/firefox-bin" "--marionette" "--remote-debugging-port" "61322" "--remote-allow-hosts" "localhost" "-foreground" "-no-remote" "-profile" "/var/folders/b4/4gl4xvb111j_9l87hdwcj53c0000gn/T/rust_mozprofilemjQqfK"
1653702892616	Marionette	INFO	Marionette enabled
2022-05-28 10:54:52.641 plugin-container[6652:222019] nil host used in call to allowsSpecificHTTPSCertificateForHost
2022-05-28 10:54:52.642 plugin-container[6652:222019] nil host used in call to allowsAnyHTTPSCertificateForHost:
2022-05-28 10:54:52.665 plugin-container[6652:222019] nil host used in call to allowsSpecificHTTPSCertificateForHost
2022-05-28 10:54:52.665 plugin-container[6652:222019] nil host used in call to allowsAnyHTTPSCertificateForHost:
2022-05-28 10:54:52.665 plugin-container[6652:222021] nil host used in call to allowsSpecificHTTPSCertificateForHost
2022-05-28 10:54:52.665 plugin-container[6652:222021] nil host used in call to allowsAnyHTTPSCertificateForHost:
UNSUPPORTED (log once): POSSIBLE ISSUE: unit 1 GLD_TEXTURE_INDEX_2D is unloadable and bound to sampler type (Float) - using zero texture because texture unloadable
console.warn: SearchSettings: "get: No settings file exists, new profile?" (new NotFoundError("Could not open the file at /var/folders/b4/4gl4xvb111j_9l87hdwcj53c0000gn/T/rust_mozprofilemjQqfK/search.json.mozlz4", (void 0)))
console.error: BackgroundUpdate: 
  _reasonsToNotScheduleUpdates: Failed to check for Maintenance Service Registry Key: [Exception... "Component returned failure code: 0x80004001 (NS_ERROR_NOT_IMPLEMENTED) [nsIUpdateProcessor.getServiceRegKeyExists]"  nsresult: "0x80004001 (NS_ERROR_NOT_IMPLEMENTED)"  location: "JS frame :: resource://gre/modules/BackgroundUpdate.jsm :: _reasonsToNotScheduleUpdates :: line 241"  data: no]
DevTools listening on ws://localhost:61322/devtools/browser/2369a3b7-785b-4fbb-be42-c516b1816ab2
1653702893912	Marionette	INFO	Listening on port 61355
Read port: 61355
1653702894003	RemoteAgent	WARN	TLS certificate errors will be ignored for this session
console.warn: LoginRecipes: "getRecipes: falling back to a synchronous message for:" "https://shop.alpha.zigzag.kr"
1653702937661	Marionette	INFO	Stopped listening on port 61355
console.warn: TopSitesFeed: Failed to fetch data from Contile server: NetworkError when attempting to fetch resource.
